[   23665ms] [ERROR] Failed to load resource: the server responded with a status of 404 (Not Found) @ http://localhost:3000/_next/image?url=https%3A%2F%2Fimages.unsplash.com%2Fphoto-1475180429745-1842a70ca6e9%3Fw%3D600%26q%3D80&w=256&q=75:0
[   38834ms] NotFoundError: Failed to execute 'removeChild' on 'Node': The node to be removed is not a child of this node.
    at removeChild (http://localhost:3000/_next/static/chunks/node_modules_next_dist_compiled_react-dom_1e674e59._.js:11876:24)
    at runWithFiberInDEV (http://localhost:3000/_next/static/chunks/node_modules_next_dist_compiled_react-dom_1e674e59._.js:965:74)
    at commitDeletionEffectsOnFiber (http://localhost:3000/_next/static/chunks/node_modules_next_dist_compiled_react-dom_1e674e59._.js:8078:21)
    at recursivelyTraverseDeletionEffects (http://localhost:3000/_next/static/chunks/node_modules_next_dist_compiled_react-dom_1e674e59._.js:8039:53)
    at commitDeletionEffectsOnFiber (http://localhost:3000/_next/static/chunks/node_modules_next_dist_compiled_react-dom_1e674e59._.js:8101:17)
    at recursivelyTraverseDeletionEffects (http://localhost:3000/_next/static/chunks/node_modules_next_dist_compiled_react-dom_1e674e59._.js:8039:53)
    at commitDeletionEffectsOnFiber (http://localhost:3000/_next/static/chunks/node_modules_next_dist_compiled_react-dom_1e674e59._.js:8122:17)
    at recursivelyTraverseDeletionEffects (http://localhost:3000/_next/static/chunks/node_modules_next_dist_compiled_react-dom_1e674e59._.js:8039:53)
    at commitDeletionEffectsOnFiber (http://localhost:3000/_next/static/chunks/node_modules_next_dist_compiled_react-dom_1e674e59._.js:8101:17)
    at recursivelyTraverseDeletionEffects (http://localhost:3000/_next/static/chunks/node_modules_next_dist_compiled_react-dom_1e674e59._.js:8039:53)
    at commitDeletionEffectsOnFiber (http://localhost:3000/_next/static/chunks/node_modules_next_dist_compiled_react-dom_1e674e59._.js:8122:17)
    at recursivelyTraverseDeletionEffects (http://localhost:3000/_next/static/chunks/node_modules_next_dist_compiled_react-dom_1e674e59._.js:8039:53)
    at commitDeletionEffectsOnFiber (http://localhost:3000/_next/static/chunks/node_modules_next_dist_compiled_react-dom_1e674e59._.js:8125:17)
    at recursivelyTraverseDeletionEffects (http://localhost:3000/_next/static/chunks/node_modules_next_dist_compiled_react-dom_1e674e59._.js:8039:53)
    at commitDeletionEffectsOnFiber (http://localhost:3000/_next/static/chunks/node_modules_next_dist_compiled_react-dom_1e674e59._.js:8101:17)
    at recursivelyTraverseDeletionEffects (http://localhost:3000/_next/static/chunks/node_modules_next_dist_compiled_react-dom_1e674e59._.js:8039:53)
    at commitDeletionEffectsOnFiber (http://localhost:3000/_next/static/chunks/node_modules_next_dist_compiled_react-dom_1e674e59._.js:8105:17)
    at recursivelyTraverseDeletionEffects (http://localhost:3000/_next/static/chunks/node_modules_next_dist_compiled_react-dom_1e674e59._.js:8039:53)
    at commitDeletionEffectsOnFiber (http://localhost:3000/_next/static/chunks/node_modules_next_dist_compiled_react-dom_1e674e59._.js:8101:17)
    at recursivelyTraverseDeletionEffects (http://localhost:3000/_next/static/chunks/node_modules_next_dist_compiled_react-dom_1e674e59._.js:8039:53)
    at commitDeletionEffectsOnFiber (http://localhost:3000/_next/static/chunks/node_modules_next_dist_compiled_react-dom_1e674e59._.js:8105:17)
    at recursivelyTraverseDeletionEffects (http://localhost:3000/_next/static/chunks/node_modules_next_dist_compiled_react-dom_1e674e59._.js:8039:53)
    at commitDeletionEffectsOnFiber (http://localhost:3000/_next/static/chunks/node_modules_next_dist_compiled_react-dom_1e674e59._.js:8101:17)
    at recursivelyTraverseDeletionEffects (http://localhost:3000/_next/static/chunks/node_modules_next_dist_compiled_react-dom_1e674e59._.js:8039:53)
    at commitDeletionEffectsOnFiber (http://localhost:3000/_next/static/chunks/node_modules_next_dist_compiled_react-dom_1e674e59._.js:8112:17)
    at recursivelyTraverseDeletionEffects (http://localhost:3000/_next/static/chunks/node_modules_next_dist_compiled_react-dom_1e674e59._.js:8039:53)
    at commitDeletionEffectsOnFiber (http://localhost:3000/_next/static/chunks/node_modules_next_dist_compiled_react-dom_1e674e59._.js:8125:17)
    at recursivelyTraverseDeletionEffects (http://localhost:3000/_next/static/chunks/node_modules_next_dist_compiled_react-dom_1e674e59._.js:8039:53)
    at commitDeletionEffectsOnFiber (http://localhost:3000/_next/static/chunks/node_modules_next_dist_compiled_react-dom_1e674e59._.js:8101:17)
    at recursivelyTraverseDeletionEffects (http://localhost:3000/_next/static/chunks/node_modules_next_dist_compiled_react-dom_1e674e59._.js:8039:53)
    at commitDeletionEffectsOnFiber (http://localhost:3000/_next/static/chunks/node_modules_next_dist_compiled_react-dom_1e674e59._.js:8101:17)
    at recursivelyTraverseDeletionEffects (http://localhost:3000/_next/static/chunks/node_modules_next_dist_compiled_react-dom_1e674e59._.js:8039:53)
    at commitDeletionEffectsOnFiber (http://localhost:3000/_next/static/chunks/node_modules_next_dist_compiled_react-dom_1e674e59._.js:8105:17)
    at recursivelyTraverseDeletionEffects (http://localhost:3000/_next/static/chunks/node_modules_next_dist_compiled_react-dom_1e674e59._.js:8039:53)
    at commitDeletionEffectsOnFiber (http://localhost:3000/_next/static/chunks/node_modules_next_dist_compiled_react-dom_1e674e59._.js:8101:17)
    at recursivelyTraverseDeletionEffects (http://localhost:3000/_next/static/chunks/node_modules_next_dist_compiled_react-dom_1e674e59._.js:8039:53)
    at commitDeletionEffectsOnFiber (http://localhost:3000/_next/static/chunks/node_modules_next_dist_compiled_react-dom_1e674e59._.js:8101:17)
    at recursivelyTraverseDeletionEffects (http://localhost:3000/_next/static/chunks/node_modules_next_dist_compiled_react-dom_1e674e59._.js:8039:53)
    at commitDeletionEffectsOnFiber (http://localhost:3000/_next/static/chunks/node_modules_next_dist_compiled_react-dom_1e674e59._.js:8125:17)
    at recursivelyTraverseDeletionEffects (http://localhost:3000/_next/static/chunks/node_modules_next_dist_compiled_react-dom_1e674e59._.js:8039:53)
    at commitDeletionEffectsOnFiber (http://localhost:3000/_next/static/chunks/node_modules_next_dist_compiled_react-dom_1e674e59._.js:8125:17)
    at recursivelyTraverseDeletionEffects (http://localhost:3000/_next/static/chunks/node_modules_next_dist_compiled_react-dom_1e674e59._.js:8039:53)
    at commitDeletionEffectsOnFiber (http://localhost:3000/_next/static/chunks/node_modules_next_dist_compiled_react-dom_1e674e59._.js:8101:17)
    at recursivelyTraverseMutationEffects (http://localhost:3000/_next/static/chunks/node_modules_next_dist_compiled_react-dom_1e674e59._.js:8202:13)
    at commitMutationEffectsOnFiber (http://localhost:3000/_next/static/chunks/node_modules_next_dist_compiled_react-dom_1e674e59._.js:8221:17)
    at recursivelyTraverseMutationEffects (http://localhost:3000/_next/static/chunks/node_modules_next_dist_compiled_react-dom_1e674e59._.js:8212:106)
    at commitMutationEffectsOnFiber (http://localhost:3000/_next/static/chunks/node_modules_next_dist_compiled_react-dom_1e674e59._.js:8293:17)
    at recursivelyTraverseMutationEffects (http://localhost:3000/_next/static/chunks/node_modules_next_dist_compiled_react-dom_1e674e59._.js:8212:106)
    at commitMutationEffectsOnFiber (http://localhost:3000/_next/static/chunks/node_modules_next_dist_compiled_react-dom_1e674e59._.js:8221:17)
    at recursivelyTraverseMutationEffects (http://localhost:3000/_next/static/chunks/node_modules_next_dist_compiled_react-dom_1e674e59._.js:8212:106)
